{"0":"F","1":"a","10":"p","11":"a","12":"r","13":"s","14":"e","15":" ","16":"U","17":"R","18":"L","19":" ","2":"i","20":"f","21":"r","22":"o","23":"m","24":" ","3":"l","4":"e","5":"d","6":" ","7":"t","8":"o","9":" ","level":"error","message":"Error processing HTML link 10:"}
{"0":"F","1":"a","10":"p","11":"a","12":"r","13":"s","14":"e","15":" ","16":"U","17":"R","18":"L","19":" ","2":"i","20":"f","21":"r","22":"o","23":"m","24":" ","25":"t","26":"e","27":"s","28":"t","3":"l","4":"e","5":"d","6":" ","7":"t","8":"o","9":" ","level":"error","message":"Error processing HTML link 14:"}
{"0":"F","1":"a","10":"p","11":"a","12":"r","13":"s","14":"e","15":" ","16":"U","17":"R","18":"L","19":" ","2":"i","20":"f","21":"r","22":"o","23":"m","24":" ","25":"a","26":"s","27":"d","28":"f","3":"l","4":"e","5":"d","6":" ","7":"t","8":"o","9":" ","level":"error","message":"Error processing HTML link 17:"}
{"0":"F","1":"a","10":"p","11":"a","12":"r","13":"s","14":"e","15":" ","16":"U","17":"R","18":"L","19":" ","2":"i","20":"f","21":"r","22":"o","23":"m","24":" ","25":"x","26":"k","27":"c","28":"d","29":".","3":"l","30":"c","31":"o","32":"m","4":"e","5":"d","6":" ","7":"t","8":"o","9":" ","level":"error","message":"Error processing HTML link 42:"}
{"0":"f","1":"e","10":"e","11":"d","2":"t","3":"c","4":"h","5":" ","6":"f","7":"a","8":"i","9":"l","level":"error","message":"Error processing HTML link 29:"}
{"0":"f","1":"e","10":"e","11":"d","2":"t","3":"c","4":"h","5":" ","6":"f","7":"a","8":"i","9":"l","level":"error","message":"Error processing HTML link 38:"}
{"0":"f","1":"e","10":"e","11":"d","2":"t","3":"c","4":"h","5":" ","6":"f","7":"a","8":"i","9":"l","level":"error","message":"Error processing HTML link 56:"}
{"0":"f","1":"e","10":"e","11":"d","2":"t","3":"c","4":"h","5":" ","6":"f","7":"a","8":"i","9":"l","level":"error","message":"Error processing HTML link 61:"}
{"0":"f","1":"e","10":"e","11":"d","2":"t","3":"c","4":"h","5":" ","6":"f","7":"a","8":"i","9":"l","level":"error","message":"Error processing HTML link 62:"}
{"0":"f","1":"e","10":"e","11":"d","2":"t","3":"c","4":"h","5":" ","6":"f","7":"a","8":"i","9":"l","level":"error","message":"Error processing HTML link 63:"}
{"0":"f","1":"e","10":"e","11":"d","2":"t","3":"c","4":"h","5":" ","6":"f","7":"a","8":"i","9":"l","level":"error","message":"Error processing HTML link 64:"}
{"0":"F","1":"a","10":"p","11":"a","12":"r","13":"s","14":"e","15":" ","16":"U","17":"R","18":"L","19":" ","2":"i","20":"f","21":"r","22":"o","23":"m","24":" ","3":"l","4":"e","5":"d","6":" ","7":"t","8":"o","9":" ","level":"error","message":"Error processing HTML link 10:"}
{"0":"F","1":"a","10":"p","11":"a","12":"r","13":"s","14":"e","15":" ","16":"U","17":"R","18":"L","19":" ","2":"i","20":"f","21":"r","22":"o","23":"m","24":" ","25":"t","26":"e","27":"s","28":"t","3":"l","4":"e","5":"d","6":" ","7":"t","8":"o","9":" ","level":"error","message":"Error processing HTML link 14:"}
{"0":"F","1":"a","10":"p","11":"a","12":"r","13":"s","14":"e","15":" ","16":"U","17":"R","18":"L","19":" ","2":"i","20":"f","21":"r","22":"o","23":"m","24":" ","25":"a","26":"s","27":"d","28":"f","3":"l","4":"e","5":"d","6":" ","7":"t","8":"o","9":" ","level":"error","message":"Error processing HTML link 17:"}
{"0":"F","1":"a","10":"p","11":"a","12":"r","13":"s","14":"e","15":" ","16":"U","17":"R","18":"L","19":" ","2":"i","20":"f","21":"r","22":"o","23":"m","24":" ","25":"x","26":"k","27":"c","28":"d","29":".","3":"l","30":"c","31":"o","32":"m","4":"e","5":"d","6":" ","7":"t","8":"o","9":" ","level":"error","message":"Error processing HTML link 42:"}
{"0":"f","1":"e","10":"e","11":"d","2":"t","3":"c","4":"h","5":" ","6":"f","7":"a","8":"i","9":"l","level":"error","message":"Error processing HTML link 29:"}
{"0":"f","1":"e","10":"e","11":"d","2":"t","3":"c","4":"h","5":" ","6":"f","7":"a","8":"i","9":"l","level":"error","message":"Error processing HTML link 38:"}
{"0":"f","1":"e","10":"e","11":"d","2":"t","3":"c","4":"h","5":" ","6":"f","7":"a","8":"i","9":"l","level":"error","message":"Error processing HTML link 56:"}
{"0":"f","1":"e","10":"e","11":"d","2":"t","3":"c","4":"h","5":" ","6":"f","7":"a","8":"i","9":"l","level":"error","message":"Error processing HTML link 61:"}
{"0":"f","1":"e","10":"e","11":"d","2":"t","3":"c","4":"h","5":" ","6":"f","7":"a","8":"i","9":"l","level":"error","message":"Error processing HTML link 62:"}
{"0":"f","1":"e","10":"e","11":"d","2":"t","3":"c","4":"h","5":" ","6":"f","7":"a","8":"i","9":"l","level":"error","message":"Error processing HTML link 63:"}
{"0":"f","1":"e","10":"e","11":"d","2":"t","3":"c","4":"h","5":" ","6":"f","7":"a","8":"i","9":"l","level":"error","message":"Error processing HTML link 64:"}
{"0":"F","1":"a","10":"p","11":"a","12":"r","13":"s","14":"e","15":" ","16":"U","17":"R","18":"L","19":" ","2":"i","20":"f","21":"r","22":"o","23":"m","24":" ","3":"l","4":"e","5":"d","6":" ","7":"t","8":"o","9":" ","level":"error","message":"Error processing HTML link 10:"}
{"0":"F","1":"a","10":"p","11":"a","12":"r","13":"s","14":"e","15":" ","16":"U","17":"R","18":"L","19":" ","2":"i","20":"f","21":"r","22":"o","23":"m","24":" ","25":"t","26":"e","27":"s","28":"t","3":"l","4":"e","5":"d","6":" ","7":"t","8":"o","9":" ","level":"error","message":"Error processing HTML link 14:"}
{"0":"F","1":"a","10":"p","11":"a","12":"r","13":"s","14":"e","15":" ","16":"U","17":"R","18":"L","19":" ","2":"i","20":"f","21":"r","22":"o","23":"m","24":" ","25":"a","26":"s","27":"d","28":"f","3":"l","4":"e","5":"d","6":" ","7":"t","8":"o","9":" ","level":"error","message":"Error processing HTML link 17:"}
{"0":"F","1":"a","10":"p","11":"a","12":"r","13":"s","14":"e","15":" ","16":"U","17":"R","18":"L","19":" ","2":"i","20":"f","21":"r","22":"o","23":"m","24":" ","25":"x","26":"k","27":"c","28":"d","29":".","3":"l","30":"c","31":"o","32":"m","4":"e","5":"d","6":" ","7":"t","8":"o","9":" ","level":"error","message":"Error processing HTML link 42:"}
{"0":"f","1":"e","10":"e","11":"d","2":"t","3":"c","4":"h","5":" ","6":"f","7":"a","8":"i","9":"l","level":"error","message":"Error processing HTML link 29:"}
{"0":"f","1":"e","10":"e","11":"d","2":"t","3":"c","4":"h","5":" ","6":"f","7":"a","8":"i","9":"l","level":"error","message":"Error processing HTML link 38:"}
{"0":"f","1":"e","10":"e","11":"d","2":"t","3":"c","4":"h","5":" ","6":"f","7":"a","8":"i","9":"l","level":"error","message":"Error processing HTML link 56:"}
{"0":"f","1":"e","10":"e","11":"d","2":"t","3":"c","4":"h","5":" ","6":"f","7":"a","8":"i","9":"l","level":"error","message":"Error processing HTML link 61:"}
{"0":"f","1":"e","10":"e","11":"d","2":"t","3":"c","4":"h","5":" ","6":"f","7":"a","8":"i","9":"l","level":"error","message":"Error processing HTML link 62:"}
{"0":"f","1":"e","10":"e","11":"d","2":"t","3":"c","4":"h","5":" ","6":"f","7":"a","8":"i","9":"l","level":"error","message":"Error processing HTML link 63:"}
{"0":"f","1":"e","10":"e","11":"d","2":"t","3":"c","4":"h","5":" ","6":"f","7":"a","8":"i","9":"l","level":"error","message":"Error processing HTML link 64:"}
{"0":"F","1":"a","10":"p","11":"a","12":"r","13":"s","14":"e","15":" ","16":"U","17":"R","18":"L","19":" ","2":"i","20":"f","21":"r","22":"o","23":"m","24":" ","3":"l","4":"e","5":"d","6":" ","7":"t","8":"o","9":" ","level":"error","message":"Error processing HTML link 10:"}
{"0":"F","1":"a","10":"p","11":"a","12":"r","13":"s","14":"e","15":" ","16":"U","17":"R","18":"L","19":" ","2":"i","20":"f","21":"r","22":"o","23":"m","24":" ","25":"t","26":"e","27":"s","28":"t","3":"l","4":"e","5":"d","6":" ","7":"t","8":"o","9":" ","level":"error","message":"Error processing HTML link 14:"}
{"0":"F","1":"a","10":"p","11":"a","12":"r","13":"s","14":"e","15":" ","16":"U","17":"R","18":"L","19":" ","2":"i","20":"f","21":"r","22":"o","23":"m","24":" ","25":"a","26":"s","27":"d","28":"f","3":"l","4":"e","5":"d","6":" ","7":"t","8":"o","9":" ","level":"error","message":"Error processing HTML link 17:"}
{"0":"F","1":"a","10":"p","11":"a","12":"r","13":"s","14":"e","15":" ","16":"U","17":"R","18":"L","19":" ","2":"i","20":"f","21":"r","22":"o","23":"m","24":" ","25":"x","26":"k","27":"c","28":"d","29":".","3":"l","30":"c","31":"o","32":"m","4":"e","5":"d","6":" ","7":"t","8":"o","9":" ","level":"error","message":"Error processing HTML link 42:"}
{"0":"f","1":"e","10":"e","11":"d","2":"t","3":"c","4":"h","5":" ","6":"f","7":"a","8":"i","9":"l","level":"error","message":"Error processing HTML link 29:"}
{"0":"f","1":"e","10":"e","11":"d","2":"t","3":"c","4":"h","5":" ","6":"f","7":"a","8":"i","9":"l","level":"error","message":"Error processing HTML link 38:"}
{"0":"f","1":"e","10":"e","11":"d","2":"t","3":"c","4":"h","5":" ","6":"f","7":"a","8":"i","9":"l","level":"error","message":"Error processing HTML link 56:"}
{"0":"f","1":"e","10":"e","11":"d","2":"t","3":"c","4":"h","5":" ","6":"f","7":"a","8":"i","9":"l","level":"error","message":"Error processing HTML link 61:"}
{"0":"f","1":"e","10":"e","11":"d","2":"t","3":"c","4":"h","5":" ","6":"f","7":"a","8":"i","9":"l","level":"error","message":"Error processing HTML link 62:"}
{"0":"f","1":"e","10":"e","11":"d","2":"t","3":"c","4":"h","5":" ","6":"f","7":"a","8":"i","9":"l","level":"error","message":"Error processing HTML link 63:"}
{"0":"f","1":"e","10":"e","11":"d","2":"t","3":"c","4":"h","5":" ","6":"f","7":"a","8":"i","9":"l","level":"error","message":"Error processing HTML link 64:"}
{"0":"F","1":"a","10":"p","11":"a","12":"r","13":"s","14":"e","15":" ","16":"U","17":"R","18":"L","19":" ","2":"i","20":"f","21":"r","22":"o","23":"m","24":" ","3":"l","4":"e","5":"d","6":" ","7":"t","8":"o","9":" ","level":"error","message":"Error processing HTML link 10:"}
{"0":"F","1":"a","10":"p","11":"a","12":"r","13":"s","14":"e","15":" ","16":"U","17":"R","18":"L","19":" ","2":"i","20":"f","21":"r","22":"o","23":"m","24":" ","25":"t","26":"e","27":"s","28":"t","3":"l","4":"e","5":"d","6":" ","7":"t","8":"o","9":" ","level":"error","message":"Error processing HTML link 14:"}
{"0":"F","1":"a","10":"p","11":"a","12":"r","13":"s","14":"e","15":" ","16":"U","17":"R","18":"L","19":" ","2":"i","20":"f","21":"r","22":"o","23":"m","24":" ","25":"a","26":"s","27":"d","28":"f","3":"l","4":"e","5":"d","6":" ","7":"t","8":"o","9":" ","level":"error","message":"Error processing HTML link 17:"}
{"0":"F","1":"a","10":"p","11":"a","12":"r","13":"s","14":"e","15":" ","16":"U","17":"R","18":"L","19":" ","2":"i","20":"f","21":"r","22":"o","23":"m","24":" ","25":"x","26":"k","27":"c","28":"d","29":".","3":"l","30":"c","31":"o","32":"m","4":"e","5":"d","6":" ","7":"t","8":"o","9":" ","level":"error","message":"Error processing HTML link 42:"}
{"0":"f","1":"e","10":"e","11":"d","2":"t","3":"c","4":"h","5":" ","6":"f","7":"a","8":"i","9":"l","level":"error","message":"Error processing HTML link 29:"}
{"0":"f","1":"e","10":"e","11":"d","2":"t","3":"c","4":"h","5":" ","6":"f","7":"a","8":"i","9":"l","level":"error","message":"Error processing HTML link 38:"}
{"0":"f","1":"e","10":"e","11":"d","2":"t","3":"c","4":"h","5":" ","6":"f","7":"a","8":"i","9":"l","level":"error","message":"Error processing HTML link 56:"}
{"0":"f","1":"e","10":"e","11":"d","2":"t","3":"c","4":"h","5":" ","6":"f","7":"a","8":"i","9":"l","level":"error","message":"Error processing HTML link 61:"}
{"0":"f","1":"e","10":"e","11":"d","2":"t","3":"c","4":"h","5":" ","6":"f","7":"a","8":"i","9":"l","level":"error","message":"Error processing HTML link 62:"}
{"0":"f","1":"e","10":"e","11":"d","2":"t","3":"c","4":"h","5":" ","6":"f","7":"a","8":"i","9":"l","level":"error","message":"Error processing HTML link 63:"}
{"0":"f","1":"e","10":"e","11":"d","2":"t","3":"c","4":"h","5":" ","6":"f","7":"a","8":"i","9":"l","level":"error","message":"Error processing HTML link 64:"}
{"0":"F","1":"a","10":"p","11":"a","12":"r","13":"s","14":"e","15":" ","16":"U","17":"R","18":"L","19":" ","2":"i","20":"f","21":"r","22":"o","23":"m","24":" ","3":"l","4":"e","5":"d","6":" ","7":"t","8":"o","9":" ","level":"error","message":"Error processing HTML link 10:"}
{"0":"F","1":"a","10":"p","11":"a","12":"r","13":"s","14":"e","15":" ","16":"U","17":"R","18":"L","19":" ","2":"i","20":"f","21":"r","22":"o","23":"m","24":" ","25":"t","26":"e","27":"s","28":"t","3":"l","4":"e","5":"d","6":" ","7":"t","8":"o","9":" ","level":"error","message":"Error processing HTML link 14:"}
{"0":"F","1":"a","10":"p","11":"a","12":"r","13":"s","14":"e","15":" ","16":"U","17":"R","18":"L","19":" ","2":"i","20":"f","21":"r","22":"o","23":"m","24":" ","25":"a","26":"s","27":"d","28":"f","3":"l","4":"e","5":"d","6":" ","7":"t","8":"o","9":" ","level":"error","message":"Error processing HTML link 17:"}
{"0":"F","1":"a","10":"p","11":"a","12":"r","13":"s","14":"e","15":" ","16":"U","17":"R","18":"L","19":" ","2":"i","20":"f","21":"r","22":"o","23":"m","24":" ","25":"x","26":"k","27":"c","28":"d","29":".","3":"l","30":"c","31":"o","32":"m","4":"e","5":"d","6":" ","7":"t","8":"o","9":" ","level":"error","message":"Error processing HTML link 42:"}
{"0":"f","1":"e","10":"e","11":"d","2":"t","3":"c","4":"h","5":" ","6":"f","7":"a","8":"i","9":"l","level":"error","message":"Error processing HTML link 29:"}
{"0":"f","1":"e","10":"e","11":"d","2":"t","3":"c","4":"h","5":" ","6":"f","7":"a","8":"i","9":"l","level":"error","message":"Error processing HTML link 38:"}
{"0":"f","1":"e","10":"e","11":"d","2":"t","3":"c","4":"h","5":" ","6":"f","7":"a","8":"i","9":"l","level":"error","message":"Error processing HTML link 56:"}
{"0":"f","1":"e","10":"e","11":"d","2":"t","3":"c","4":"h","5":" ","6":"f","7":"a","8":"i","9":"l","level":"error","message":"Error processing HTML link 61:"}
{"0":"f","1":"e","10":"e","11":"d","2":"t","3":"c","4":"h","5":" ","6":"f","7":"a","8":"i","9":"l","level":"error","message":"Error processing HTML link 62:"}
{"0":"f","1":"e","10":"e","11":"d","2":"t","3":"c","4":"h","5":" ","6":"f","7":"a","8":"i","9":"l","level":"error","message":"Error processing HTML link 63:"}
{"0":"f","1":"e","10":"e","11":"d","2":"t","3":"c","4":"h","5":" ","6":"f","7":"a","8":"i","9":"l","level":"error","message":"Error processing HTML link 64:"}
{"0":"F","1":"a","10":"p","11":"a","12":"r","13":"s","14":"e","15":" ","16":"U","17":"R","18":"L","19":" ","2":"i","20":"f","21":"r","22":"o","23":"m","24":" ","3":"l","4":"e","5":"d","6":" ","7":"t","8":"o","9":" ","level":"error","message":"Error processing HTML link 10:"}
{"0":"F","1":"a","10":"p","11":"a","12":"r","13":"s","14":"e","15":" ","16":"U","17":"R","18":"L","19":" ","2":"i","20":"f","21":"r","22":"o","23":"m","24":" ","25":"t","26":"e","27":"s","28":"t","3":"l","4":"e","5":"d","6":" ","7":"t","8":"o","9":" ","level":"error","message":"Error processing HTML link 14:"}
{"0":"F","1":"a","10":"p","11":"a","12":"r","13":"s","14":"e","15":" ","16":"U","17":"R","18":"L","19":" ","2":"i","20":"f","21":"r","22":"o","23":"m","24":" ","25":"a","26":"s","27":"d","28":"f","3":"l","4":"e","5":"d","6":" ","7":"t","8":"o","9":" ","level":"error","message":"Error processing HTML link 17:"}
{"0":"F","1":"a","10":"p","11":"a","12":"r","13":"s","14":"e","15":" ","16":"U","17":"R","18":"L","19":" ","2":"i","20":"f","21":"r","22":"o","23":"m","24":" ","25":"x","26":"k","27":"c","28":"d","29":".","3":"l","30":"c","31":"o","32":"m","4":"e","5":"d","6":" ","7":"t","8":"o","9":" ","level":"error","message":"Error processing HTML link 42:"}
{"0":"f","1":"e","10":"e","11":"d","2":"t","3":"c","4":"h","5":" ","6":"f","7":"a","8":"i","9":"l","level":"error","message":"Error processing HTML link 29:"}
{"0":"f","1":"e","10":"e","11":"d","2":"t","3":"c","4":"h","5":" ","6":"f","7":"a","8":"i","9":"l","level":"error","message":"Error processing HTML link 38:"}
{"0":"f","1":"e","10":"e","11":"d","2":"t","3":"c","4":"h","5":" ","6":"f","7":"a","8":"i","9":"l","level":"error","message":"Error processing HTML link 56:"}
{"0":"f","1":"e","10":"e","11":"d","2":"t","3":"c","4":"h","5":" ","6":"f","7":"a","8":"i","9":"l","level":"error","message":"Error processing HTML link 61:"}
{"0":"f","1":"e","10":"e","11":"d","2":"t","3":"c","4":"h","5":" ","6":"f","7":"a","8":"i","9":"l","level":"error","message":"Error processing HTML link 62:"}
{"0":"f","1":"e","10":"e","11":"d","2":"t","3":"c","4":"h","5":" ","6":"f","7":"a","8":"i","9":"l","level":"error","message":"Error processing HTML link 63:"}
{"0":"f","1":"e","10":"e","11":"d","2":"t","3":"c","4":"h","5":" ","6":"f","7":"a","8":"i","9":"l","level":"error","message":"Error processing HTML link 64:"}
